Added Component: Designator=J?(MOLX-52271-2079)
Add component (AddParameter): Name = "Circuits (Loaded)"; Value = "20"; VariantName = "[No Variations]"
Add component (AddParameter): Name = "ComponentLink1Description"; Value = "Manufacturer URL"; VariantName = "[No Variations]"
Add component (AddParameter): Name = "ComponentLink1URL"; Value = "http://www.molex.com/molex/index.jsp"; VariantName = "[No Variations]"
Add component (AddParameter): Name = "ComponentLink2Description"; Value = "Datasheet"; VariantName = "[No Variations]"
Add component (AddParameter): Name = "ComponentLink2URL"; Value = "http://www.molex.com/webdocs/datasheets/pdf/en-us/0522712079_FFC_FPC_CONNECTORS.pdf"; VariantName = "[No Variations]"
Add component (AddParameter): Name = "ComponentLink3Description"; Value = "Package Specification"; VariantName = "[No Variations]"
Add component (AddParameter): Name = "ComponentLink3URL"; Value = "http://www.molex.com/pdm_docs/sd/522712079_sd.pdf"; VariantName = "[No Variations]"
Add component (AddParameter): Name = "Contact Position"; Value = "Bottom"; VariantName = "[No Variations]"
Add component (AddParameter): Name = "Current (Max per Contact)"; Value = "0.5A"; VariantName = "[No Variations]"
Add component (AddParameter): Name = "Durability (mating cycles max)"; Value = "30"; VariantName = "[No Variations]"
Add component (AddParameter): Name = "Entry Angle"; Value = "90degrees Angle"; VariantName = "[No Variations]"
Add component (AddParameter): Name = "Manufacturer"; Value = "Molex"; VariantName = "[No Variations]"
Add component (AddParameter): Name = "Mated Height"; Value = "3.00mm"; VariantName = "[No Variations]"
Add component (AddParameter): Name = "Material - Metal"; Value = "Phosphor Bronze"; VariantName = "[No Variations]"
Add component (AddParameter): Name = "Material - Plating Mating"; Value = "Tin-Bismuth"; VariantName = "[No Variations]"
Add component (AddParameter): Name = "Material - Plating Termination"; Value = "Tin-Bismuth"; VariantName = "[No Variations]"
Add component (AddParameter): Name = "Mounting Technology"; Value = "Surface Mount"; VariantName = "[No Variations]"
Add component (AddParameter): Name = "Number of Rows"; Value = "1"; VariantName = "[No Variations]"
Add component (AddParameter): Name = "Orientation"; Value = "Right Angle"; VariantName = "[No Variations]"
Add component (AddParameter): Name = "PackageDescription"; Value = "20-Lead FPC Connector, Pitch 1.0 mm"; VariantName = "[No Variations]"
Add component (AddParameter): Name = "PackageReference"; Value = "52271-2079"; VariantName = "[No Variations]"
Add component (AddParameter): Name = "PackageVersion"; Value = "Rev. B, 04/2004"; VariantName = "[No Variations]"
Add component (AddParameter): Name = "Packing"; Value = "Tape and Reel"; VariantName = "[No Variations]"
Add component (AddParameter): Name = "PartNumber"; Value = "52271-2079"; VariantName = "[No Variations]"
Add component (AddParameter): Name = "PCB Locator"; Value = "No"; VariantName = "[No Variations]"
Add component (AddParameter): Name = "PCB Retention"; Value = "Yes"; VariantName = "[No Variations]"
Add component (AddParameter): Name = "Pitch - Mating Interface"; Value = "1.00mm"; VariantName = "[No Variations]"
Add component (AddParameter): Name = "Pitch - Termination Interface"; Value = "1.00mm"; VariantName = "[No Variations]"
Add component (AddParameter): Name = "Polarized to PCB"; Value = "Yes"; VariantName = "[No Variations]"
Add component (AddParameter): Name = "RoHS"; Value = "TRUE"; VariantName = "[No Variations]"
Add component (AddParameter): Name = "Stackable"; Value = "No"; VariantName = "[No Variations]"
Add component (AddParameter): Name = "Voltage (Max)"; Value = "50V AC (RMS)/DC"; VariantName = "[No Variations]"
Added Component: Designator=J?(MOLX-52271-2079)
Add component (AddParameter): Name = "Circuits (Loaded)"; Value = "20"; VariantName = "[No Variations]"
Add component (AddParameter): Name = "ComponentLink1Description"; Value = "Manufacturer URL"; VariantName = "[No Variations]"
Add component (AddParameter): Name = "ComponentLink1URL"; Value = "http://www.molex.com/molex/index.jsp"; VariantName = "[No Variations]"
Add component (AddParameter): Name = "ComponentLink2Description"; Value = "Datasheet"; VariantName = "[No Variations]"
Add component (AddParameter): Name = "ComponentLink2URL"; Value = "http://www.molex.com/webdocs/datasheets/pdf/en-us/0522712079_FFC_FPC_CONNECTORS.pdf"; VariantName = "[No Variations]"
Add component (AddParameter): Name = "ComponentLink3Description"; Value = "Package Specification"; VariantName = "[No Variations]"
Add component (AddParameter): Name = "ComponentLink3URL"; Value = "http://www.molex.com/pdm_docs/sd/522712079_sd.pdf"; VariantName = "[No Variations]"
Add component (AddParameter): Name = "Contact Position"; Value = "Bottom"; VariantName = "[No Variations]"
Add component (AddParameter): Name = "Current (Max per Contact)"; Value = "0.5A"; VariantName = "[No Variations]"
Add component (AddParameter): Name = "Durability (mating cycles max)"; Value = "30"; VariantName = "[No Variations]"
Add component (AddParameter): Name = "Entry Angle"; Value = "90degrees Angle"; VariantName = "[No Variations]"
Add component (AddParameter): Name = "Manufacturer"; Value = "Molex"; VariantName = "[No Variations]"
Add component (AddParameter): Name = "Mated Height"; Value = "3.00mm"; VariantName = "[No Variations]"
Add component (AddParameter): Name = "Material - Metal"; Value = "Phosphor Bronze"; VariantName = "[No Variations]"
Add component (AddParameter): Name = "Material - Plating Mating"; Value = "Tin-Bismuth"; VariantName = "[No Variations]"
Add component (AddParameter): Name = "Material - Plating Termination"; Value = "Tin-Bismuth"; VariantName = "[No Variations]"
Add component (AddParameter): Name = "Mounting Technology"; Value = "Surface Mount"; VariantName = "[No Variations]"
Add component (AddParameter): Name = "Number of Rows"; Value = "1"; VariantName = "[No Variations]"
Add component (AddParameter): Name = "Orientation"; Value = "Right Angle"; VariantName = "[No Variations]"
Add component (AddParameter): Name = "PackageDescription"; Value = "20-Lead FPC Connector, Pitch 1.0 mm"; VariantName = "[No Variations]"
Add component (AddParameter): Name = "PackageReference"; Value = "52271-2079"; VariantName = "[No Variations]"
Add component (AddParameter): Name = "PackageVersion"; Value = "Rev. B, 04/2004"; VariantName = "[No Variations]"
Add component (AddParameter): Name = "Packing"; Value = "Tape and Reel"; VariantName = "[No Variations]"
Add component (AddParameter): Name = "PartNumber"; Value = "52271-2079"; VariantName = "[No Variations]"
Add component (AddParameter): Name = "PCB Locator"; Value = "No"; VariantName = "[No Variations]"
Add component (AddParameter): Name = "PCB Retention"; Value = "Yes"; VariantName = "[No Variations]"
Add component (AddParameter): Name = "Pitch - Mating Interface"; Value = "1.00mm"; VariantName = "[No Variations]"
Add component (AddParameter): Name = "Pitch - Termination Interface"; Value = "1.00mm"; VariantName = "[No Variations]"
Add component (AddParameter): Name = "Polarized to PCB"; Value = "Yes"; VariantName = "[No Variations]"
Add component (AddParameter): Name = "RoHS"; Value = "TRUE"; VariantName = "[No Variations]"
Add component (AddParameter): Name = "Stackable"; Value = "No"; VariantName = "[No Variations]"
Add component (AddParameter): Name = "Voltage (Max)"; Value = "50V AC (RMS)/DC"; VariantName = "[No Variations]"
Added Component: Designator=P?(61302211121)
Add component (AddParameter): Name = "Color"; Value = "Black"; VariantName = "[No Variations]"
Add component (AddParameter): Name = "Connector Type"; Value = "Male Pin"; VariantName = "[No Variations]"
Add component (AddParameter): Name = "Contact Material"; Value = "Copper"; VariantName = "[No Variations]"
Add component (AddParameter): Name = "Contact Mating Length"; Value = "5.9944mm"; VariantName = "[No Variations]"
Add component (AddParameter): Name = "Contact Plating"; Value = "Gold"; VariantName = "[No Variations]"
Add component (AddParameter): Name = "Contact Resistance"; Value = "20mO"; VariantName = "[No Variations]"
Add component (AddParameter): Name = "Current Rating"; Value = "3A"; VariantName = "[No Variations]"
Add component (AddParameter): Name = "Gender"; Value = "Male"; VariantName = "[No Variations]"
Add component (AddParameter): Name = "Lead Pitch"; Value = "2.54mm"; VariantName = "[No Variations]"
Add component (AddParameter): Name = "Mount"; Value = "Through Hole"; VariantName = "[No Variations]"
Add component (AddParameter): Name = "NexarPartId"; Value = "32855558"; VariantName = "[No Variations]"
Add component (AddParameter): Name = "Number of Contacts"; Value = "22"; VariantName = "[No Variations]"
Add component (AddParameter): Name = "Number of Pins"; Value = "22"; VariantName = "[No Variations]"
Add component (AddParameter): Name = "Number of Positions"; Value = "22"; VariantName = "[No Variations]"
Add component (AddParameter): Name = "Number of Rows"; Value = "1"; VariantName = "[No Variations]"
Add component (AddParameter): Name = "Operating Supply Voltage"; Value = "250V"; VariantName = "[No Variations]"
Add component (AddParameter): Name = "Orientation"; Value = "Vertical"; VariantName = "[No Variations]"
Add component (AddParameter): Name = "Packaging"; Value = "Bulk"; VariantName = "[No Variations]"
Add component (AddParameter): Name = "Pitch"; Value = "2.54mm"; VariantName = "[No Variations]"
Add component (AddParameter): Name = "REACH SVHC"; Value = "Unknown"; VariantName = "[No Variations]"
Add component (AddParameter): Name = "RoHS"; Value = "Compliant"; VariantName = "[No Variations]"
Add component (AddParameter): Name = "Termination"; Value = "Solder"; VariantName = "[No Variations]"
Added Component: Designator=P?(61302211121)
Add component (AddParameter): Name = "Color"; Value = "Black"; VariantName = "[No Variations]"
Add component (AddParameter): Name = "Connector Type"; Value = "Male Pin"; VariantName = "[No Variations]"
Add component (AddParameter): Name = "Contact Material"; Value = "Copper"; VariantName = "[No Variations]"
Add component (AddParameter): Name = "Contact Mating Length"; Value = "5.9944mm"; VariantName = "[No Variations]"
Add component (AddParameter): Name = "Contact Plating"; Value = "Gold"; VariantName = "[No Variations]"
Add component (AddParameter): Name = "Contact Resistance"; Value = "20mO"; VariantName = "[No Variations]"
Add component (AddParameter): Name = "Current Rating"; Value = "3A"; VariantName = "[No Variations]"
Add component (AddParameter): Name = "Gender"; Value = "Male"; VariantName = "[No Variations]"
Add component (AddParameter): Name = "Lead Pitch"; Value = "2.54mm"; VariantName = "[No Variations]"
Add component (AddParameter): Name = "Mount"; Value = "Through Hole"; VariantName = "[No Variations]"
Add component (AddParameter): Name = "NexarPartId"; Value = "32855558"; VariantName = "[No Variations]"
Add component (AddParameter): Name = "Number of Contacts"; Value = "22"; VariantName = "[No Variations]"
Add component (AddParameter): Name = "Number of Pins"; Value = "22"; VariantName = "[No Variations]"
Add component (AddParameter): Name = "Number of Positions"; Value = "22"; VariantName = "[No Variations]"
Add component (AddParameter): Name = "Number of Rows"; Value = "1"; VariantName = "[No Variations]"
Add component (AddParameter): Name = "Operating Supply Voltage"; Value = "250V"; VariantName = "[No Variations]"
Add component (AddParameter): Name = "Orientation"; Value = "Vertical"; VariantName = "[No Variations]"
Add component (AddParameter): Name = "Packaging"; Value = "Bulk"; VariantName = "[No Variations]"
Add component (AddParameter): Name = "Pitch"; Value = "2.54mm"; VariantName = "[No Variations]"
Add component (AddParameter): Name = "REACH SVHC"; Value = "Unknown"; VariantName = "[No Variations]"
Add component (AddParameter): Name = "RoHS"; Value = "Compliant"; VariantName = "[No Variations]"
Add component (AddParameter): Name = "Termination"; Value = "Solder"; VariantName = "[No Variations]"
Added Component: Designator=U?(MODULE_RASPBERRY_PI_PICO_W)
Add component (AddParameter): Name = "Check_prices"; Value = "https://www.snapeda.com/parts/RASPBERRY%20PI%20PICO%20W/Raspberry+Pi/view-part/?ref=eda"; VariantName = "[No Variations]"
Add component (AddParameter): Name = "MF"; Value = "Raspberry Pi"; VariantName = "[No Variations]"
Add component (AddParameter): Name = "MP"; Value = "RASPBERRY PI PICO W"; VariantName = "[No Variations]"
Add component (AddParameter): Name = "Package"; Value = "None"; VariantName = "[No Variations]"
Add component (AddParameter): Name = "SnapEDA_Link"; Value = "https://www.snapeda.com/parts/RASPBERRY%20PI%20PICO%20W/Raspberry+Pi/view-part/?ref=snap"; VariantName = "[No Variations]"
Add component (AddParameter): Name = "Value"; Value = ""; VariantName = "[No Variations]"
Added Pin To Net: NetName=GND Pin=J?-19
Added Pin To Net: NetName=GND Pin=J?-19
Added Pin To Net: NetName=GND Pin=J?-20
Added Pin To Net: NetName=GND Pin=J?-20
Added Pin To Net: NetName=GND Pin=P?-1
Added Pin To Net: NetName=GND Pin=P?-21
Added Pin To Net: NetName=GND Pin=P?-21
Added Pin To Net: NetName=GND Pin=U?-3
Added Pin To Net: NetName=GND Pin=U?-8
Added Pin To Net: NetName=GND Pin=U?-13
Added Pin To Net: NetName=GND Pin=U?-18
Added Pin To Net: NetName=GND Pin=U?-23
Added Pin To Net: NetName=GND Pin=U?-28
Added Pin To Net: NetName=GND Pin=U?-33
Added Pin To Net: NetName=GND Pin=U?-38
Added Pin To Net: NetName=GND Pin=U?-F
Added Net: Name=GND
Added Pin To Net: NetName=I2C_SCL Pin=J?-9
Added Pin To Net: NetName=I2C_SCL Pin=U?-12
Added Net: Name=I2C_SCL
Added Pin To Net: NetName=I2C_SDA Pin=J?-10
Added Pin To Net: NetName=I2C_SDA Pin=U?-11
Added Net: Name=I2C_SDA
Added Pin To Net: NetName=SCL Pin=J?-9
Added Pin To Net: NetName=SCL Pin=P?-4
Added Net: Name=SCL
Added Pin To Net: NetName=SDA Pin=J?-10
Added Pin To Net: NetName=SDA Pin=P?-3
Added Net: Name=SDA
Added Pin To Net: NetName=SEC_SCREEN_BACKLIGHT Pin=J?-8
Added Pin To Net: NetName=SEC_SCREEN_BACKLIGHT Pin=J?-8
Added Pin To Net: NetName=SEC_SCREEN_BACKLIGHT Pin=P?-15
Added Pin To Net: NetName=SEC_SCREEN_BACKLIGHT Pin=U?-31
Added Net: Name=SEC_SCREEN_BACKLIGHT
Added Pin To Net: NetName=SEC_SCREEN_TOGGLE Pin=P?-1
Added Pin To Net: NetName=SEC_SCREEN_TOGGLE Pin=U?-29
Added Net: Name=SEC_SCREEN_TOGGLE
Added Pin To Net: NetName=SPI0_CLK Pin=J?-7
Added Pin To Net: NetName=SPI0_CLK Pin=P?-16
Added Pin To Net: NetName=SPI0_CLK Pin=P?-16
Added Net: Name=SPI0_CLK
Added Pin To Net: NetName=SPI0_CSn_LEFT Pin=J?-3
Added Pin To Net: NetName=SPI0_CSn_LEFT Pin=J?-3
Added Pin To Net: NetName=SPI0_CSn_LEFT Pin=P?-20
Added Pin To Net: NetName=SPI0_CSn_LEFT Pin=U?-2
Added Net: Name=SPI0_CSn_LEFT
Added Pin To Net: NetName=SPI0_CSn_RIGHT Pin=P?-20
Added Pin To Net: NetName=SPI0_CSn_RIGHT Pin=U?-22
Added Net: Name=SPI0_CSn_RIGHT
Added Pin To Net: NetName=SPI0_DC_LEFT Pin=J?-5
Added Pin To Net: NetName=SPI0_DC_LEFT Pin=J?-5
Added Pin To Net: NetName=SPI0_DC_LEFT Pin=P?-18
Added Pin To Net: NetName=SPI0_DC_LEFT Pin=U?-5
Added Net: Name=SPI0_DC_LEFT
Added Pin To Net: NetName=SPI0_DC_RIGHT Pin=P?-18
Added Pin To Net: NetName=SPI0_DC_RIGHT Pin=U?-27
Added Net: Name=SPI0_DC_RIGHT
Added Pin To Net: NetName=SPI0_RESET_LEFT Pin=J?-4
Added Pin To Net: NetName=SPI0_RESET_LEFT Pin=J?-4
Added Pin To Net: NetName=SPI0_RESET_LEFT Pin=P?-19
Added Pin To Net: NetName=SPI0_RESET_LEFT Pin=U?-4
Added Net: Name=SPI0_RESET_LEFT
Added Pin To Net: NetName=SPI0_RESET_RIGHT Pin=P?-19
Added Pin To Net: NetName=SPI0_RESET_RIGHT Pin=U?-26
Added Net: Name=SPI0_RESET_RIGHT
Added Pin To Net: NetName=SPI0_RX Pin=P?-14
Added Pin To Net: NetName=SPI0_RX Pin=P?-14
Added Pin To Net: NetName=SPI0_RX Pin=U?-21
Added Net: Name=SPI0_RX
Added Pin To Net: NetName=SPI0_SCK Pin=J?-7
Added Pin To Net: NetName=SPI0_SCK Pin=U?-24
Added Net: Name=SPI0_SCK
Added Pin To Net: NetName=SPI0_TX Pin=J?-6
Added Pin To Net: NetName=SPI0_TX Pin=J?-6
Added Pin To Net: NetName=SPI0_TX Pin=P?-17
Added Pin To Net: NetName=SPI0_TX Pin=P?-17
Added Pin To Net: NetName=SPI0_TX Pin=U?-25
Added Net: Name=SPI0_TX
Added Pin To Net: NetName=T_CLK Pin=P?-13
Added Pin To Net: NetName=T_CLK Pin=P?-13
Added Pin To Net: NetName=T_CLK Pin=U?-19
Added Net: Name=T_CLK
Added Pin To Net: NetName=T_CS Pin=P?-12
Added Pin To Net: NetName=T_CS Pin=P?-12
Added Pin To Net: NetName=T_CS Pin=U?-17
Added Net: Name=T_CS
Added Pin To Net: NetName=T_DIN Pin=P?-11
Added Pin To Net: NetName=T_DIN Pin=P?-11
Added Pin To Net: NetName=T_DIN Pin=U?-20
Added Net: Name=T_DIN
Added Pin To Net: NetName=T_DO Pin=P?-10
Added Pin To Net: NetName=T_DO Pin=P?-10
Added Pin To Net: NetName=T_DO Pin=U?-16
Added Net: Name=T_DO
Added Pin To Net: NetName=T_IRQ Pin=P?-9
Added Pin To Net: NetName=T_IRQ Pin=P?-9
Added Pin To Net: NetName=T_IRQ Pin=U?-15
Added Net: Name=T_IRQ
Added Pin To Net: NetName=V_IN Pin=P?-3
Added Pin To Net: NetName=V_IN Pin=U?-39
Added Net: Name=V_IN
Added Pin To Net: NetName=VCC Pin=J?-1
Added Pin To Net: NetName=VCC Pin=J?-1
Added Pin To Net: NetName=VCC Pin=J?-2
Added Pin To Net: NetName=VCC Pin=J?-2
Added Pin To Net: NetName=VCC Pin=P?-2
Added Pin To Net: NetName=VCC Pin=P?-2
Added Pin To Net: NetName=VCC Pin=P?-15
Added Pin To Net: NetName=VCC Pin=P?-22
Added Pin To Net: NetName=VCC Pin=P?-22
Added Pin To Net: NetName=VCC Pin=U?-36
Added Net: Name=VCC
Added Class: Name=Main_Display
Added Class: Name=Secondary_Display
Added Rule: Name=Schematic Supply Nets
