Removed Pin From Net: NetName=I2C_SCL Pin=J1-9
Removed Pin From Net: NetName=I2C_SDA Pin=J1-10
Removed Pin From Net: NetName=SEC_SCREEN_TOGGLE Pin=P1-1
Removed Pin From Net: NetName=VCC Pin=P1-2
Removed Pin From Net: NetName=V_IN Pin=P1-3
Removed Pin From Net: NetName=T_IRQ Pin=P1-9
Removed Pin From Net: NetName=T_DO Pin=P1-10
Removed Pin From Net: NetName=T_DIN Pin=P1-11
Removed Pin From Net: NetName=T_CS Pin=P1-12
Removed Pin From Net: NetName=T_CLK Pin=P1-13
Removed Pin From Net: NetName=SPI0_RX Pin=P1-14
Removed Pin From Net: NetName=VCC Pin=P1-15
Removed Pin From Net: NetName=SPI0_CLK Pin=P1-16
Removed Pin From Net: NetName=SPI0_TX Pin=P1-17
Removed Pin From Net: NetName=SPI0_DC_RIGHT Pin=P1-18
Removed Pin From Net: NetName=SPI0_RESET_RIGHT Pin=P1-19
Removed Pin From Net: NetName=SPI0_CSn_RIGHT Pin=P1-20
Removed Pin From Net: NetName=GND Pin=P1-21
Removed Pin From Net: NetName=VCC Pin=P1-22
Removed Member From Class: ClassName=Secondary_Display Member=J1
Removed Member From Class: ClassName=Secondary_Display Member=P1
Change Component Description : Designator=PICO Old Description=Raspberry Pi Board, Arm Cortex-M0+; Silicon Manufacturer:Raspberry Pi; No. Of Bits:32Bit; Silicon Family Name:-; Core Architecture:Arm; Core Sub-Architecture:Cortex-M0+; Silicon Core Number:Rp2040; Product Range:Raspberry Pi Pico Rohs Compliant: Yes New Description=Raspberry Pi Board, Arm Cortex-M0+; Silicon Manufacturer:Raspberry Pi; No. Of Bits:32Bit; Silicon Family Name:-; Core Architecture:Arm; Core Sub-Architecture:Cortex-M0+; Silicon Core Number:Rp2040; Product Range:Raspberry Pi Pico Rohs Compliant: Yes |Raspberry-Pi RASPBERRY PI PICO W
Added Component: Designator=J?(MOLX-52271-2079)
Add component (AddParameter): Name = "Circuits (Loaded)"; Value = "20"; VariantName = "[No Variations]"
Add component (AddParameter): Name = "ComponentLink1Description"; Value = "Manufacturer URL"; VariantName = "[No Variations]"
Add component (AddParameter): Name = "ComponentLink1URL"; Value = "http://www.molex.com/molex/index.jsp"; VariantName = "[No Variations]"
Add component (AddParameter): Name = "ComponentLink2Description"; Value = "Datasheet"; VariantName = "[No Variations]"
Add component (AddParameter): Name = "ComponentLink2URL"; Value = "http://www.molex.com/webdocs/datasheets/pdf/en-us/0522712079_FFC_FPC_CONNECTORS.pdf"; VariantName = "[No Variations]"
Add component (AddParameter): Name = "ComponentLink3Description"; Value = "Package Specification"; VariantName = "[No Variations]"
Add component (AddParameter): Name = "ComponentLink3URL"; Value = "http://www.molex.com/pdm_docs/sd/522712079_sd.pdf"; VariantName = "[No Variations]"
Add component (AddParameter): Name = "Contact Position"; Value = "Bottom"; VariantName = "[No Variations]"
Add component (AddParameter): Name = "Current (Max per Contact)"; Value = "0.5A"; VariantName = "[No Variations]"
Add component (AddParameter): Name = "Durability (mating cycles max)"; Value = "30"; VariantName = "[No Variations]"
Add component (AddParameter): Name = "Entry Angle"; Value = "90degrees Angle"; VariantName = "[No Variations]"
Add component (AddParameter): Name = "Manufacturer"; Value = "Molex"; VariantName = "[No Variations]"
Add component (AddParameter): Name = "Mated Height"; Value = "3.00mm"; VariantName = "[No Variations]"
Add component (AddParameter): Name = "Material - Metal"; Value = "Phosphor Bronze"; VariantName = "[No Variations]"
Add component (AddParameter): Name = "Material - Plating Mating"; Value = "Tin-Bismuth"; VariantName = "[No Variations]"
Add component (AddParameter): Name = "Material - Plating Termination"; Value = "Tin-Bismuth"; VariantName = "[No Variations]"
Add component (AddParameter): Name = "Mounting Technology"; Value = "Surface Mount"; VariantName = "[No Variations]"
Add component (AddParameter): Name = "Number of Rows"; Value = "1"; VariantName = "[No Variations]"
Add component (AddParameter): Name = "Orientation"; Value = "Right Angle"; VariantName = "[No Variations]"
Add component (AddParameter): Name = "PackageDescription"; Value = "20-Lead FPC Connector, Pitch 1.0 mm"; VariantName = "[No Variations]"
Add component (AddParameter): Name = "PackageReference"; Value = "52271-2079"; VariantName = "[No Variations]"
Add component (AddParameter): Name = "PackageVersion"; Value = "Rev. B, 04/2004"; VariantName = "[No Variations]"
Add component (AddParameter): Name = "Packing"; Value = "Tape and Reel"; VariantName = "[No Variations]"
Add component (AddParameter): Name = "PartNumber"; Value = "52271-2079"; VariantName = "[No Variations]"
Add component (AddParameter): Name = "PCB Locator"; Value = "No"; VariantName = "[No Variations]"
Add component (AddParameter): Name = "PCB Retention"; Value = "Yes"; VariantName = "[No Variations]"
Add component (AddParameter): Name = "Pitch - Mating Interface"; Value = "1.00mm"; VariantName = "[No Variations]"
Add component (AddParameter): Name = "Pitch - Termination Interface"; Value = "1.00mm"; VariantName = "[No Variations]"
Add component (AddParameter): Name = "Polarized to PCB"; Value = "Yes"; VariantName = "[No Variations]"
Add component (AddParameter): Name = "RoHS"; Value = "TRUE"; VariantName = "[No Variations]"
Add component (AddParameter): Name = "Stackable"; Value = "No"; VariantName = "[No Variations]"
Add component (AddParameter): Name = "Voltage (Max)"; Value = "50V AC (RMS)/DC"; VariantName = "[No Variations]"
Added Component: Designator=P?(61302211121)
Add component (AddParameter): Name = "Color"; Value = "Black"; VariantName = "[No Variations]"
Add component (AddParameter): Name = "Connector Type"; Value = "Male Pin"; VariantName = "[No Variations]"
Add component (AddParameter): Name = "Contact Material"; Value = "Copper"; VariantName = "[No Variations]"
Add component (AddParameter): Name = "Contact Mating Length"; Value = "5.9944mm"; VariantName = "[No Variations]"
Add component (AddParameter): Name = "Contact Plating"; Value = "Gold"; VariantName = "[No Variations]"
Add component (AddParameter): Name = "Contact Resistance"; Value = "20mO"; VariantName = "[No Variations]"
Add component (AddParameter): Name = "Current Rating"; Value = "3A"; VariantName = "[No Variations]"
Add component (AddParameter): Name = "Gender"; Value = "Male"; VariantName = "[No Variations]"
Add component (AddParameter): Name = "Lead Pitch"; Value = "2.54mm"; VariantName = "[No Variations]"
Add component (AddParameter): Name = "Mount"; Value = "Through Hole"; VariantName = "[No Variations]"
Add component (AddParameter): Name = "NexarPartId"; Value = "32855558"; VariantName = "[No Variations]"
Add component (AddParameter): Name = "Number of Contacts"; Value = "22"; VariantName = "[No Variations]"
Add component (AddParameter): Name = "Number of Pins"; Value = "22"; VariantName = "[No Variations]"
Add component (AddParameter): Name = "Number of Positions"; Value = "22"; VariantName = "[No Variations]"
Add component (AddParameter): Name = "Number of Rows"; Value = "1"; VariantName = "[No Variations]"
Add component (AddParameter): Name = "Operating Supply Voltage"; Value = "250V"; VariantName = "[No Variations]"
Add component (AddParameter): Name = "Orientation"; Value = "Vertical"; VariantName = "[No Variations]"
Add component (AddParameter): Name = "Packaging"; Value = "Bulk"; VariantName = "[No Variations]"
Add component (AddParameter): Name = "Pitch"; Value = "2.54mm"; VariantName = "[No Variations]"
Add component (AddParameter): Name = "REACH SVHC"; Value = "Unknown"; VariantName = "[No Variations]"
Add component (AddParameter): Name = "RoHS"; Value = "Compliant"; VariantName = "[No Variations]"
Add component (AddParameter): Name = "Termination"; Value = "Solder"; VariantName = "[No Variations]"
Added Pin To Net: NetName=SPI0_RX Pin=J1-9
Added Pin To Net: NetName=T_CLK Pin=J1-10
Added Pin To Net: NetName=T_DIN Pin=J1-12
Added Pin To Net: NetName=T_DO Pin=J1-13
Added Pin To Net: NetName=T_IRQ Pin=J1-14
Added Pin To Net: NetName=I2C_SCL Pin=J1-15
Added Pin To Net: NetName=I2C_SDA Pin=J1-16
Added Pin To Net: NetName=VCC Pin=J?-1
Added Pin To Net: NetName=VCC Pin=J?-2
Added Pin To Net: NetName=SPI0_CSn_LEFT Pin=J?-3
Added Pin To Net: NetName=SPI0_RESET_LEFT Pin=J?-4
Added Pin To Net: NetName=SPI0_DC_LEFT Pin=J?-5
Added Pin To Net: NetName=SPI0_TX Pin=J?-6
Added Pin To Net: NetName=SPI0_CLK Pin=J?-7
Added Pin To Net: NetName=SEC_SCREEN_BACKLIGHT Pin=J?-8
Added Pin To Net: NetName=SPI0_RX Pin=J?-9
Added Pin To Net: NetName=T_CLK Pin=J?-10
Added Pin To Net: NetName=T_CS Pin=J?-11
Added Pin To Net: NetName=T_DIN Pin=J?-12
Added Pin To Net: NetName=T_DO Pin=J?-13
Added Pin To Net: NetName=T_IRQ Pin=J?-14
Added Pin To Net: NetName=SCL Pin=J?-15
Added Pin To Net: NetName=SDA Pin=J?-16
Added Pin To Net: NetName=GND Pin=J?-19
Added Pin To Net: NetName=GND Pin=J?-20
Added Pin To Net: NetName=GND Pin=P1-1
Added Pin To Net: NetName=T_IRQ Pin=P1-5
Added Pin To Net: NetName=T_DO Pin=P1-6
Added Pin To Net: NetName=T_DIN Pin=P1-7
Added Pin To Net: NetName=T_CS Pin=P1-8
Added Pin To Net: NetName=T_CLK Pin=P1-9
Added Pin To Net: NetName=SPI0_RX Pin=P1-10
Added Pin To Net: NetName=VCC Pin=P1-11
Added Pin To Net: NetName=SPI0_CLK Pin=P1-12
Added Pin To Net: NetName=SPI0_TX Pin=P1-13
Added Pin To Net: NetName=SPI0_DC_RIGHT Pin=P1-14
Added Pin To Net: NetName=SPI0_RESET_RIGHT Pin=P1-15
Added Pin To Net: NetName=SPI0_CSn_RIGHT Pin=P1-16
Added Pin To Net: NetName=GND Pin=P1-17
Added Pin To Net: NetName=VCC Pin=P1-18
Added Pin To Net: NetName=VCC Pin=P1-20
Added Pin To Net: NetName=SEC_SCREEN_TOGGLE Pin=P1-21
Added Pin To Net: NetName=V_IN Pin=P1-22
Added Pin To Net: NetName=GND Pin=P?-1
Added Pin To Net: NetName=VCC Pin=P?-2
Added Pin To Net: NetName=SDA Pin=P?-3
Added Pin To Net: NetName=SCL Pin=P?-4
Added Pin To Net: NetName=T_IRQ Pin=P?-5
Added Pin To Net: NetName=T_DO Pin=P?-6
Added Pin To Net: NetName=T_DIN Pin=P?-7
Added Pin To Net: NetName=T_CS Pin=P?-8
Added Pin To Net: NetName=T_CLK Pin=P?-9
Added Pin To Net: NetName=SPI0_RX Pin=P?-10
Added Pin To Net: NetName=SEC_SCREEN_BACKLIGHT Pin=P?-11
Added Pin To Net: NetName=SPI0_CLK Pin=P?-12
Added Pin To Net: NetName=SPI0_TX Pin=P?-13
Added Pin To Net: NetName=SPI0_DC_LEFT Pin=P?-14
Added Pin To Net: NetName=SPI0_RESET_LEFT Pin=P?-15
Added Pin To Net: NetName=SPI0_CSn_LEFT Pin=P?-16
Added Pin To Net: NetName=GND Pin=P?-17
Added Pin To Net: NetName=VCC Pin=P?-18
Added Pin To Net: NetName=T2_CS Pin=J1-11
Added Pin To Net: NetName=T2_CS Pin=PICO-14
Added Net: Name=T2_CS
Added Member To Class: ClassName=Secondary_Display Member=Component J? 52271-2079
Added Member To Class: ClassName=Secondary_Display Member=Component P? 61302211121
